Connecting to database specified by database.yml
  [1m[36m (0.0ms)[0m  [1mSELECT "schema_migrations"."version" FROM "schema_migrations" [0m
Migrating to CreateMovies (20111119180638)
  [1m[35m (0.0ms)[0m  select sqlite_version(*)
  [1m[36m (0.0ms)[0m  [1mSELECT "schema_migrations"."version" FROM "schema_migrations" [0m
Connecting to database specified by database.yml
  [1m[36m (0.1ms)[0m  [1mSELECT "schema_migrations"."version" FROM "schema_migrations" [0m
Migrating to CreateMovies (20111119180638)
  [1m[35m (0.1ms)[0m  select sqlite_version(*)
  [1m[36m (0.0ms)[0m  [1mSELECT "schema_migrations"."version" FROM "schema_migrations" [0m
Connecting to database specified by database.yml
  [1m[36m (0.0ms)[0m  [1mSELECT "schema_migrations"."version" FROM "schema_migrations" [0m
Migrating to CreateMovies (20111119180638)
  [1m[35m (0.1ms)[0m  select sqlite_version(*)
  [1m[36m (0.0ms)[0m  [1mSELECT "schema_migrations"."version" FROM "schema_migrations" [0m
Connecting to database specified by database.yml
  [1m[36m (0.0ms)[0m  [1mSELECT "schema_migrations"."version" FROM "schema_migrations" [0m
  [1m[35m (0.1ms)[0m  select sqlite_version(*)
  [1m[36m (3.7ms)[0m  [1mCREATE TABLE "movies" ("id" INTEGER PRIMARY KEY AUTOINCREMENT NOT NULL, "title" varchar(255), "rating" varchar(255), "description" text, "release_date" datetime, "created_at" datetime, "updated_at" datetime) [0m
  [1m[35m (3.8ms)[0m  CREATE TABLE "schema_migrations" ("version" varchar(255) NOT NULL) 
  [1m[36m (3.7ms)[0m  [1mCREATE UNIQUE INDEX "unique_schema_migrations" ON "schema_migrations" ("version")[0m
  [1m[35m (0.1ms)[0m  SELECT version FROM "schema_migrations"
  [1m[36m (3.6ms)[0m  [1mINSERT INTO "schema_migrations" (version) VALUES ('20120130161449')[0m
  [1m[35m (3.4ms)[0m  INSERT INTO "schema_migrations" (version) VALUES ('20111119180638')
Connecting to database specified by database.yml
  [1m[36m (0.1ms)[0m  [1mSELECT "schema_migrations"."version" FROM "schema_migrations" [0m
  [1m[35m (0.1ms)[0m  select sqlite_version(*)
  [1m[36m (6.9ms)[0m  [1mCREATE TABLE "movies" ("id" INTEGER PRIMARY KEY AUTOINCREMENT NOT NULL, "title" varchar(255), "rating" varchar(255), "description" text, "release_date" datetime, "created_at" datetime, "updated_at" datetime) [0m
  [1m[35m (3.4ms)[0m  CREATE TABLE "schema_migrations" ("version" varchar(255) NOT NULL) 
  [1m[36m (3.7ms)[0m  [1mCREATE UNIQUE INDEX "unique_schema_migrations" ON "schema_migrations" ("version")[0m
  [1m[35m (0.0ms)[0m  SELECT version FROM "schema_migrations"
  [1m[36m (3.4ms)[0m  [1mINSERT INTO "schema_migrations" (version) VALUES ('20120130161449')[0m
  [1m[35m (4.1ms)[0m  INSERT INTO "schema_migrations" (version) VALUES ('20111119180638')
Connecting to database specified by database.yml
  [1m[36m (0.0ms)[0m  [1mSELECT "schema_migrations"."version" FROM "schema_migrations" [0m
  [1m[35m (0.1ms)[0m  select sqlite_version(*)
  [1m[36m (6.8ms)[0m  [1mCREATE TABLE "movies" ("id" INTEGER PRIMARY KEY AUTOINCREMENT NOT NULL, "title" varchar(255), "rating" varchar(255), "description" text, "release_date" datetime, "created_at" datetime, "updated_at" datetime) [0m
  [1m[35m (3.2ms)[0m  CREATE TABLE "schema_migrations" ("version" varchar(255) NOT NULL) 
  [1m[36m (3.4ms)[0m  [1mCREATE UNIQUE INDEX "unique_schema_migrations" ON "schema_migrations" ("version")[0m
  [1m[35m (0.0ms)[0m  SELECT version FROM "schema_migrations"
  [1m[36m (4.0ms)[0m  [1mINSERT INTO "schema_migrations" (version) VALUES ('20120130161449')[0m
  [1m[35m (3.3ms)[0m  INSERT INTO "schema_migrations" (version) VALUES ('20111119180638')
Connecting to database specified by database.yml
  [1m[36m (0.0ms)[0m  [1mSELECT "schema_migrations"."version" FROM "schema_migrations" [0m
Migrating to CreateMovies (20111119180638)
  [1m[35m (0.0ms)[0m  select sqlite_version(*)
  [1m[36m (0.0ms)[0m  [1mSELECT "schema_migrations"."version" FROM "schema_migrations" [0m
Connecting to database specified by database.yml
  [1m[36m (0.0ms)[0m  [1mSELECT "schema_migrations"."version" FROM "schema_migrations" [0m
  [1m[35m (0.1ms)[0m  select sqlite_version(*)
  [1m[36m (19.3ms)[0m  [1mCREATE TABLE "movies" ("id" INTEGER PRIMARY KEY AUTOINCREMENT NOT NULL, "title" varchar(255), "rating" varchar(255), "description" text, "release_date" datetime, "created_at" datetime, "updated_at" datetime) [0m
  [1m[35m (4.1ms)[0m  CREATE TABLE "schema_migrations" ("version" varchar(255) NOT NULL) 
  [1m[36m (4.7ms)[0m  [1mCREATE UNIQUE INDEX "unique_schema_migrations" ON "schema_migrations" ("version")[0m
  [1m[35m (0.1ms)[0m  SELECT version FROM "schema_migrations"
  [1m[36m (4.8ms)[0m  [1mINSERT INTO "schema_migrations" (version) VALUES ('20120130161449')[0m
  [1m[35m (4.5ms)[0m  INSERT INTO "schema_migrations" (version) VALUES ('20111119180638')
Connecting to database specified by database.yml
  [1m[36m (0.1ms)[0m  [1mSELECT "schema_migrations"."version" FROM "schema_migrations" [0m
  [1m[35m (0.1ms)[0m  select sqlite_version(*)
  [1m[36m (6.6ms)[0m  [1mCREATE TABLE "movies" ("id" INTEGER PRIMARY KEY AUTOINCREMENT NOT NULL, "title" varchar(255), "rating" varchar(255), "description" text, "release_date" datetime, "created_at" datetime, "updated_at" datetime) [0m
  [1m[35m (4.0ms)[0m  CREATE TABLE "schema_migrations" ("version" varchar(255) NOT NULL) 
  [1m[36m (4.5ms)[0m  [1mCREATE UNIQUE INDEX "unique_schema_migrations" ON "schema_migrations" ("version")[0m
  [1m[35m (0.0ms)[0m  SELECT version FROM "schema_migrations"
  [1m[36m (4.4ms)[0m  [1mINSERT INTO "schema_migrations" (version) VALUES ('20120130161449')[0m
  [1m[35m (4.3ms)[0m  INSERT INTO "schema_migrations" (version) VALUES ('20111119180638')
Connecting to database specified by database.yml
  [1m[36m (0.0ms)[0m  [1mSELECT "schema_migrations"."version" FROM "schema_migrations" [0m
  [1m[35m (0.1ms)[0m  select sqlite_version(*)
  [1m[36m (9.0ms)[0m  [1mCREATE TABLE "movies" ("id" INTEGER PRIMARY KEY AUTOINCREMENT NOT NULL, "title" varchar(255), "rating" varchar(255), "description" text, "release_date" datetime, "created_at" datetime, "updated_at" datetime) [0m
  [1m[35m (3.5ms)[0m  CREATE TABLE "schema_migrations" ("version" varchar(255) NOT NULL) 
  [1m[36m (4.3ms)[0m  [1mCREATE UNIQUE INDEX "unique_schema_migrations" ON "schema_migrations" ("version")[0m
  [1m[35m (0.2ms)[0m  SELECT version FROM "schema_migrations"
  [1m[36m (4.4ms)[0m  [1mINSERT INTO "schema_migrations" (version) VALUES ('20120130161449')[0m
  [1m[35m (5.4ms)[0m  INSERT INTO "schema_migrations" (version) VALUES ('20111119180638')
Connecting to database specified by database.yml
  [1m[36m (0.0ms)[0m  [1mSELECT "schema_migrations"."version" FROM "schema_migrations" [0m
  [1m[35m (0.1ms)[0m  select sqlite_version(*)
  [1m[36m (6.5ms)[0m  [1mCREATE TABLE "movies" ("id" INTEGER PRIMARY KEY AUTOINCREMENT NOT NULL, "title" varchar(255), "rating" varchar(255), "description" text, "release_date" datetime, "created_at" datetime, "updated_at" datetime) [0m
  [1m[35m (4.0ms)[0m  CREATE TABLE "schema_migrations" ("version" varchar(255) NOT NULL) 
  [1m[36m (4.2ms)[0m  [1mCREATE UNIQUE INDEX "unique_schema_migrations" ON "schema_migrations" ("version")[0m
  [1m[35m (0.1ms)[0m  SELECT version FROM "schema_migrations"
  [1m[36m (5.0ms)[0m  [1mINSERT INTO "schema_migrations" (version) VALUES ('20120130161449')[0m
  [1m[35m (4.4ms)[0m  INSERT INTO "schema_migrations" (version) VALUES ('20111119180638')


Started GET "/" for 127.0.0.1 at 2015-10-06 19:18:04 -0500
Connecting to database specified by database.yml

ActionController::RoutingError (No route matches [GET] "/"):
  actionpack (3.2.18) lib/action_dispatch/middleware/debug_exceptions.rb:21:in `call'
  actionpack (3.2.18) lib/action_dispatch/middleware/show_exceptions.rb:56:in `call'
  railties (3.2.18) lib/rails/rack/logger.rb:32:in `call_app'
  railties (3.2.18) lib/rails/rack/logger.rb:16:in `block in call'
  activesupport (3.2.18) lib/active_support/tagged_logging.rb:22:in `tagged'
  railties (3.2.18) lib/rails/rack/logger.rb:16:in `call'
  actionpack (3.2.18) lib/action_dispatch/middleware/request_id.rb:22:in `call'
  rack (1.4.5) lib/rack/methodoverride.rb:21:in `call'
  rack (1.4.5) lib/rack/runtime.rb:17:in `call'
  activesupport (3.2.18) lib/active_support/cache/strategy/local_cache.rb:72:in `call'
  rack (1.4.5) lib/rack/lock.rb:15:in `call'
  actionpack (3.2.18) lib/action_dispatch/middleware/static.rb:63:in `call'
  railties (3.2.18) lib/rails/engine.rb:484:in `call'
  railties (3.2.18) lib/rails/application.rb:231:in `call'
  rack (1.4.5) lib/rack/content_length.rb:14:in `call'
  railties (3.2.18) lib/rails/rack/log_tailer.rb:17:in `call'
  rack (1.4.5) lib/rack/handler/webrick.rb:59:in `service'
  /home/tyagi/.rbenv/versions/2.2.3/lib/ruby/2.2.0/webrick/httpserver.rb:138:in `service'
  /home/tyagi/.rbenv/versions/2.2.3/lib/ruby/2.2.0/webrick/httpserver.rb:94:in `run'
  /home/tyagi/.rbenv/versions/2.2.3/lib/ruby/2.2.0/webrick/server.rb:294:in `block in start_thread'


  Rendered /home/tyagi/.rbenv/versions/2.2.3/bin/gems/actionpack-3.2.18/lib/action_dispatch/middleware/templates/rescues/routing_error.erb within rescues/layout (1.1ms)


Started GET "/movies" for 127.0.0.1 at 2015-10-06 19:18:16 -0500

SyntaxError (/home/tyagi/git/bdd-tdd-cycle-master/rottenpotatoes/app/models/movie.rb:12: syntax error, unexpected end-of-input, expecting keyword_end):
  app/controllers/movies_controller.rb:1:in `<top (required)>'


  Rendered /home/tyagi/.rbenv/versions/2.2.3/bin/gems/actionpack-3.2.18/lib/action_dispatch/middleware/templates/rescues/_trace.erb (1.0ms)
  Rendered /home/tyagi/.rbenv/versions/2.2.3/bin/gems/actionpack-3.2.18/lib/action_dispatch/middleware/templates/rescues/_request_and_response.erb (1.6ms)
  Rendered /home/tyagi/.rbenv/versions/2.2.3/bin/gems/actionpack-3.2.18/lib/action_dispatch/middleware/templates/rescues/diagnostics.erb within rescues/layout (7.1ms)


Started GET "/movies" for 127.0.0.1 at 2015-10-06 19:21:43 -0500
Connecting to database specified by database.yml

SyntaxError (/home/tyagi/git/bdd-tdd-cycle-master/rottenpotatoes/app/models/movie.rb:12: syntax error, unexpected end-of-input, expecting keyword_end):
  app/controllers/movies_controller.rb:1:in `<top (required)>'


  Rendered /home/tyagi/.rbenv/versions/2.2.3/bin/gems/actionpack-3.2.18/lib/action_dispatch/middleware/templates/rescues/_trace.erb (0.7ms)
  Rendered /home/tyagi/.rbenv/versions/2.2.3/bin/gems/actionpack-3.2.18/lib/action_dispatch/middleware/templates/rescues/_request_and_response.erb (1.2ms)
  Rendered /home/tyagi/.rbenv/versions/2.2.3/bin/gems/actionpack-3.2.18/lib/action_dispatch/middleware/templates/rescues/diagnostics.erb within rescues/layout (6.2ms)


Started GET "/movies" for 127.0.0.1 at 2015-10-06 19:21:47 -0500
Processing by MoviesController#index as HTML
  Rendered movies/index.html.haml within layouts/application (5.4ms)
Completed 500 Internal Server Error in 9.9ms

ActionView::Template::Error (undefined method `each' for nil:NilClass):
    5:   = hidden_field_tag "title_sort", true if @title_header
    6:   = hidden_field_tag ":release_date_sort", true if @date_header
    7:   Include: 
    8:   - @all_ratings.each do |rating|
    9:     = rating
    10:     = check_box_tag "ratings[#{rating}]", 1, @selected_ratings.include?(rating), :id => "ratings_#{rating}"
    11:   = submit_tag 'Refresh', :id => 'ratings_submit'
  app/views/movies/index.html.haml:8:in `block in _app_views_movies_index_html_haml__7159338477982549_69950718730860'
  app/views/movies/index.html.haml:4:in `_app_views_movies_index_html_haml__7159338477982549_69950718730860'


  Rendered /home/tyagi/.rbenv/versions/2.2.3/bin/gems/actionpack-3.2.18/lib/action_dispatch/middleware/templates/rescues/_trace.erb (0.8ms)
  Rendered /home/tyagi/.rbenv/versions/2.2.3/bin/gems/actionpack-3.2.18/lib/action_dispatch/middleware/templates/rescues/_request_and_response.erb (0.6ms)
  Rendered /home/tyagi/.rbenv/versions/2.2.3/bin/gems/actionpack-3.2.18/lib/action_dispatch/middleware/templates/rescues/template_error.erb within rescues/layout (5.2ms)


Started GET "/movies" for 127.0.0.1 at 2015-10-06 19:22:31 -0500
Processing by MoviesController#index as HTML
  Rendered movies/index.html.haml within layouts/application (0.3ms)
Completed 500 Internal Server Error in 1.1ms

ActionView::Template::Error (Illegal element: classes and ids must have values.):
    1: #  This file is app/views/movies/index.html.haml
    2: %h1 All Movies
    3: 
    4: = form_tag movies_path, :method => :get, :id => 'ratings_form' do
  app/views/movies/index.html.haml:1


  Rendered /home/tyagi/.rbenv/versions/2.2.3/bin/gems/actionpack-3.2.18/lib/action_dispatch/middleware/templates/rescues/_trace.erb (0.9ms)
  Rendered /home/tyagi/.rbenv/versions/2.2.3/bin/gems/actionpack-3.2.18/lib/action_dispatch/middleware/templates/rescues/_request_and_response.erb (0.6ms)
  Rendered /home/tyagi/.rbenv/versions/2.2.3/bin/gems/actionpack-3.2.18/lib/action_dispatch/middleware/templates/rescues/template_error.erb within rescues/layout (5.7ms)


Started GET "/movies" for 127.0.0.1 at 2015-10-06 19:23:07 -0500
Processing by MoviesController#index as HTML
  Rendered movies/index.html.haml within layouts/application (0.4ms)
Completed 500 Internal Server Error in 1.4ms

ActionView::Template::Error (Illegal element: classes and ids must have values.):
    1: #  This file is app/views/movies/index.html.haml
    2: %h1 All Movies
    3: 
    4: = form_tag movies_path, :method => :get, :id => 'ratings_form' do
  app/views/movies/index.html.haml:1


  Rendered /home/tyagi/.rbenv/versions/2.2.3/bin/gems/actionpack-3.2.18/lib/action_dispatch/middleware/templates/rescues/_trace.erb (1.0ms)
  Rendered /home/tyagi/.rbenv/versions/2.2.3/bin/gems/actionpack-3.2.18/lib/action_dispatch/middleware/templates/rescues/_request_and_response.erb (0.6ms)
  Rendered /home/tyagi/.rbenv/versions/2.2.3/bin/gems/actionpack-3.2.18/lib/action_dispatch/middleware/templates/rescues/template_error.erb within rescues/layout (5.8ms)


Started GET "/movies" for 127.0.0.1 at 2015-10-06 19:23:08 -0500
Processing by MoviesController#index as HTML
  Rendered movies/index.html.haml within layouts/application (0.4ms)
Completed 500 Internal Server Error in 1.4ms

ActionView::Template::Error (Illegal element: classes and ids must have values.):
    1: #  This file is app/views/movies/index.html.haml
    2: %h1 All Movies
    3: 
    4: = form_tag movies_path, :method => :get, :id => 'ratings_form' do
  app/views/movies/index.html.haml:1


  Rendered /home/tyagi/.rbenv/versions/2.2.3/bin/gems/actionpack-3.2.18/lib/action_dispatch/middleware/templates/rescues/_trace.erb (0.8ms)
  Rendered /home/tyagi/.rbenv/versions/2.2.3/bin/gems/actionpack-3.2.18/lib/action_dispatch/middleware/templates/rescues/_request_and_response.erb (0.5ms)
  Rendered /home/tyagi/.rbenv/versions/2.2.3/bin/gems/actionpack-3.2.18/lib/action_dispatch/middleware/templates/rescues/template_error.erb within rescues/layout (5.1ms)


Started GET "/movies" for 127.0.0.1 at 2015-10-06 19:25:36 -0500
Processing by MoviesController#index as HTML
  [1m[36mMovie Load (0.2ms)[0m  [1mSELECT "movies".* FROM "movies" WHERE "movies"."rating" IN ('G', 'PG', 'PG-13', 'NC-17', 'R')[0m
  Rendered movies/index.html.haml within layouts/application (6.7ms)
Compiled application.css  (0ms)  (pid 4132)
Compiled jquery.js  (3ms)  (pid 4132)
Compiled jquery_ujs.js  (0ms)  (pid 4132)
Compiled application.js  (9ms)  (pid 4132)
Completed 200 OK in 45.9ms (Views: 29.9ms | ActiveRecord: 1.4ms)


Started GET "/assets/jquery.js?body=1" for 127.0.0.1 at 2015-10-06 19:25:36 -0500
Served asset /jquery.js - 200 OK (2ms)


Started GET "/assets/application.css?body=1" for 127.0.0.1 at 2015-10-06 19:25:36 -0500
Served asset /application.css - 200 OK (0ms)


Started GET "/assets/jquery_ujs.js?body=1" for 127.0.0.1 at 2015-10-06 19:25:36 -0500
Served asset /jquery_ujs.js - 200 OK (1ms)


Started GET "/assets/application.js?body=1" for 127.0.0.1 at 2015-10-06 19:25:36 -0500
Served asset /application.js - 200 OK (3ms)
Connecting to database specified by database.yml
Connecting to database specified by database.yml
  [1m[36m (0.0ms)[0m  [1mSELECT "schema_migrations"."version" FROM "schema_migrations" [0m
Connecting to database specified by database.yml
  [1m[36m (0.1ms)[0m  [1mSELECT "schema_migrations"."version" FROM "schema_migrations" [0m
Migrating to CreateMovies (20111119180638)
Migrating to AddDirectorToMovieTable (20151007011650)
  [1m[35m (0.0ms)[0m  select sqlite_version(*)
  [1m[36m (0.0ms)[0m  [1mbegin transaction[0m
  [1m[35m (0.2ms)[0m  ALTER TABLE "movies" ADD "director" varchar(255)
  [1m[36m (0.1ms)[0m  [1mINSERT INTO "schema_migrations" ("version") VALUES ('20151007011650')[0m
  [1m[35m (6.0ms)[0m  commit transaction
  [1m[36m (0.1ms)[0m  [1mSELECT "schema_migrations"."version" FROM "schema_migrations" [0m
Connecting to database specified by database.yml
  [1m[36m (0.0ms)[0m  [1mSELECT "schema_migrations"."version" FROM "schema_migrations" [0m
  [1m[35m (0.2ms)[0m  select sqlite_version(*)
  [1m[36m (5.0ms)[0m  [1mCREATE TABLE "movies" ("id" INTEGER PRIMARY KEY AUTOINCREMENT NOT NULL, "title" varchar(255), "rating" varchar(255), "description" text, "release_date" datetime, "created_at" datetime, "updated_at" datetime, "director" varchar(255)) [0m
  [1m[35m (4.8ms)[0m  CREATE TABLE "schema_migrations" ("version" varchar(255) NOT NULL) 
  [1m[36m (4.5ms)[0m  [1mCREATE UNIQUE INDEX "unique_schema_migrations" ON "schema_migrations" ("version")[0m
  [1m[35m (0.1ms)[0m  SELECT version FROM "schema_migrations"
  [1m[36m (4.9ms)[0m  [1mINSERT INTO "schema_migrations" (version) VALUES ('20151007011650')[0m
  [1m[35m (4.4ms)[0m  INSERT INTO "schema_migrations" (version) VALUES ('20111119180638')
